0 info it worked if it ends with ok
1 verbose cli [ '/usr/local/bin/node', '/usr/local/bin/npm', 'run', 'deploy' ]
2 info using npm@3.8.3
3 info using node@v5.10.1
4 verbose run-script [ 'predeploy', 'deploy', 'postdeploy' ]
5 info lifecycle letmesee@1.1.12~predeploy: letmesee@1.1.12
6 silly lifecycle letmesee@1.1.12~predeploy: no script for predeploy, continuing
7 info lifecycle letmesee@1.1.12~deploy: letmesee@1.1.12
8 verbose lifecycle letmesee@1.1.12~deploy: unsafe-perm in lifecycle true
9 verbose lifecycle letmesee@1.1.12~deploy: PATH: /usr/local/lib/node_modules/npm/bin/node-gyp-bin:/Users/wassimchegham/Sandbox/oss/angularattack2016-angularlabs/node_modules/.bin:/usr/local/bin:/Users/wassimchegham/Sandbox/sdk/google-cloud-sdk/bin:/usr/local/bin:/usr/bin:/bin:/usr/sbin:/sbin:/Users/wassimchegham/Library/Android/sdk/platform-tools:/Users/wassimchegham/Library/Android/sdk/tools
10 verbose lifecycle letmesee@1.1.12~deploy: CWD: /Users/wassimchegham/Sandbox/oss/angularattack2016-angularlabs
11 silly lifecycle letmesee@1.1.12~deploy: Args: [ '-c',
11 silly lifecycle   'npm run build && npm run bump && npm run print-version && npm run git-push && npm run surge' ]
12 silly lifecycle letmesee@1.1.12~deploy: Returned: code: 1  signal: null
13 info lifecycle letmesee@1.1.12~deploy: Failed to exec deploy script
14 verbose stack Error: letmesee@1.1.12 deploy: `npm run build && npm run bump && npm run print-version && npm run git-push && npm run surge`
14 verbose stack Exit status 1
14 verbose stack     at EventEmitter.<anonymous> (/usr/local/lib/node_modules/npm/lib/utils/lifecycle.js:239:16)
14 verbose stack     at emitTwo (events.js:100:13)
14 verbose stack     at EventEmitter.emit (events.js:185:7)
14 verbose stack     at ChildProcess.<anonymous> (/usr/local/lib/node_modules/npm/lib/utils/spawn.js:24:14)
14 verbose stack     at emitTwo (events.js:100:13)
14 verbose stack     at ChildProcess.emit (events.js:185:7)
14 verbose stack     at maybeClose (internal/child_process.js:850:16)
14 verbose stack     at Process.ChildProcess._handle.onexit (internal/child_process.js:215:5)
15 verbose pkgid letmesee@1.1.12
16 verbose cwd /Users/wassimchegham/Sandbox/oss/angularattack2016-angularlabs
17 error Darwin 15.0.0
18 error argv "/usr/local/bin/node" "/usr/local/bin/npm" "run" "deploy"
19 error node v5.10.1
20 error npm  v3.8.3
21 error code ELIFECYCLE
22 error letmesee@1.1.12 deploy: `npm run build && npm run bump && npm run print-version && npm run git-push && npm run surge`
22 error Exit status 1
23 error Failed at the letmesee@1.1.12 deploy script 'npm run build && npm run bump && npm run print-version && npm run git-push && npm run surge'.
23 error Make sure you have the latest version of node.js and npm installed.
23 error If you do, this is most likely a problem with the letmesee package,
23 error not with npm itself.
23 error Tell the author that this fails on your system:
23 error     npm run build && npm run bump && npm run print-version && npm run git-push && npm run surge
23 error You can get information on how to open an issue for this project with:
23 error     npm bugs letmesee
23 error Or if that isn't available, you can get their info via:
23 error     npm owner ls letmesee
23 error There is likely additional logging output above.
24 verbose exit [ 1, true ]
